MPASM  5.51                       DENEY-4.ASM   11-19-2018  13:52:37         PAGE  1


LOC  OBJECT CODE     LINE SOURCE TEXT
  VALUE

                      00001         LIST P=16F877A
                      00002         #INCLUDE <P16F877A.INC>
                      00001         LIST
                      00002 
                      00003 ;==========================================================================
                      00004 ;  MPASM PIC16F877A processor include
                      00005 ; 
                      00006 ;  (c) Copyright 1999-2013 Microchip Technology, All rights reserved
                      00007 ;==========================================================================
                      00008 
                      00566         LIST
Warning[207]: Found label after column 1. (SAYICI1)
  00000020            00003         SAYICI1 EQU 0X20
Warning[207]: Found label after column 1. (SAYICI2)
  00000021            00004         SAYICI2 EQU 0X21
Warning[207]: Found label after column 1. (ADRESH_YEDEK)
  00000022            00005         ADRESH_YEDEK EQU 0X22
Warning[207]: Found label after column 1. (ADRESL_YEDEK)
  00000023            00006         ADRESL_YEDEK EQU 0X23
                      00007 
0000                  00008         ORG 0X000
0000   2827           00009         GOTO ANA_METOT
0004                  00010         ORG 0X004
0004   2805           00011         GOTO KESME_METOT
                      00012 
0005                  00013 KESME_METOT
0005   1F0C           00014         BTFSS PIR1,ADIF
0006   0009           00015         RETFIE
0007   130C           00016         BCF PIR1,ADIF
                      00017 
0008   1283 1303      00018         BANKSEL ADRESH
000A   081E           00019         MOVF ADRESH,W
000B   1283 1303      00020         BANKSEL ADRESH_YEDEK
000D   00A2           00021         MOVWF ADRESH_YEDEK
000E   2020           00022         CALL ADRESH_ISLEM
000F   1683 1303      00023         BANKSEL ADRESL
Message[302]: Register in operand not in bank 0.  Ensure that bank bits are correct.
0011   081E           00024         MOVF ADRESL,W
0012   1283 1303      00025         BANKSEL ADRESL_YEDEK
0014   00A3           00026         MOVWF ADRESL_YEDEK
0015   2024           00027         CALL ADRESL_ISLEM
0016   0823           00028         MOVF ADRESL_YEDEK,W
0017   393F           00029         ANDLW B'00111111'
0018   0722           00030         ADDWF ADRESH_YEDEK,W
0019   1283 1303      00031         BANKSEL PORTB
001B   0086           00032         MOVWF PORTB
001C   204D           00033         CALL GECIKME
001D   151F           00034         BSF ADCON0,GO
001E   204D           00035         CALL GECIKME
                      00036 
001F   0009           00037         RETFIE
                      00038 
0020                  00039 ADRESH_ISLEM
MPASM  5.51                       DENEY-4.ASM   11-19-2018  13:52:37         PAGE  2


LOC  OBJECT CODE     LINE SOURCE TEXT
  VALUE

0020   0CA2           00040         RRF ADRESH_YEDEK,F
0021   0CA2           00041         RRF ADRESH_YEDEK,F
0022   0CA2           00042         RRF ADRESH_YEDEK,F
0023   0008           00043         RETURN
                      00044 
0024                  00045 ADRESL_ISLEM
0024   0CA3           00046         RRF ADRESL_YEDEK,F
0025   0CA3           00047         RRF ADRESL_YEDEK,F
0026   0008           00048         RETURN
                      00049 
0027                  00050 ANA_METOT
0027   1683 1303      00051         BANKSEL TRISA
0029   30FF           00052         MOVLW 0XFF
Message[302]: Register in operand not in bank 0.  Ensure that bank bits are correct.
002A   0085           00053         MOVWF TRISA
Message[302]: Register in operand not in bank 0.  Ensure that bank bits are correct.
002B   0186           00054         CLRF TRISB
                      00055         
002C   3080           00056         MOVLW B'10000000'
Message[302]: Register in operand not in bank 0.  Ensure that bank bits are correct.
002D   009F           00057         MOVWF ADCON1
                      00058 
002E   1283 1303      00059         BANKSEL PORTA
0030   30FF           00060         MOVLW 0XFF
0031   0085           00061         MOVWF PORTA
0032   0186           00062         CLRF PORTB
                      00063 
0033   1283 1303      00064         BANKSEL ADCON0
0035   30C1           00065         MOVLW B'11000001'
0036   009F           00066         MOVWF ADCON0
0037   204D           00067         CALL GECIKME
0038   1283 1303      00068         BANKSEL ADCON0
                      00069 
003A   1283 1303      00070         BANKSEL INTCON
003C   30C0           00071         MOVLW B'11000000'
003D   008B           00072         MOVWF INTCON
003E   1283 1303      00073         BANKSEL INTCON
                      00074 
0040   1683 1303      00075         BANKSEL PIE1
Message[302]: Register in operand not in bank 0.  Ensure that bank bits are correct.
0042   170C           00076         BSF PIE1,ADIE
0043   1683 1303      00077         BANKSEL PIE1
                      00078 
0045   1283 1303      00079         BANKSEL PIR1
0047   130C           00080         BCF PIR1,ADIF
0048   1283 1303      00081         BANKSEL PIR1
                      00082 
004A                  00083 DONUSTURME_METOT
004A   151F           00084         BSF ADCON0,GO
004B   204D           00085         CALL GECIKME
                      00086 
004C                  00087 KONTROL
004C   284C           00088         GOTO KONTROL
MPASM  5.51                       DENEY-4.ASM   11-19-2018  13:52:37         PAGE  3


LOC  OBJECT CODE     LINE SOURCE TEXT
  VALUE

                      00089 
004D                  00090 GECIKME
004D   30A0           00091         MOVLW 0XA0
004E   00A0           00092         MOVWF SAYICI1
                      00093 
004F                  00094 TEKRAR1
004F   30A0           00095         MOVLW 0XA0
0050   00A1           00096         MOVWF SAYICI2
                      00097 
0051                  00098 TEKRAR2
0051   0BA1           00099         DECFSZ SAYICI2,F
0052   2851           00100         GOTO TEKRAR2
0053   0BA0           00101         DECFSZ SAYICI1,F
0054   284F           00102         GOTO TEKRAR1
0055   0008           00103         RETURN
                      00104 
Warning[205]: Found directive in column 1. (END)
                      00105 END
MPASM  5.51                       DENEY-4.ASM   11-19-2018  13:52:37         PAGE  4


SYMBOL TABLE
  LABEL                             VALUE 

ACKDT                             00000005
ACKEN                             00000004
ACKSTAT                           00000006
ADCON0                            0000001F
ADCON1                            0000009F
ADCS0                             00000006
ADCS1                             00000007
ADCS2                             00000006
ADDEN                             00000003
ADFM                              00000007
ADIE                              00000006
ADIF                              00000006
ADON                              00000000
ADRESH                            0000001E
ADRESH_ISLEM                      00000020
ADRESH_YEDEK                      00000022
ADRESL                            0000009E
ADRESL_ISLEM                      00000024
ADRESL_YEDEK                      00000023
ANA_METOT                         00000027
BCLIE                             00000003
BCLIF                             00000003
BF                                00000000
BRGH                              00000002
C                                 00000000
C1INV                             00000004
C1OUT                             00000006
C2INV                             00000005
C2OUT                             00000007
CCP1CON                           00000017
CCP1IE                            00000002
CCP1IF                            00000002
CCP1M0                            00000000
CCP1M1                            00000001
CCP1M2                            00000002
CCP1M3                            00000003
CCP1X                             00000005
CCP1Y                             00000004
CCP2CON                           0000001D
CCP2IE                            00000000
CCP2IF                            00000000
CCP2M0                            00000000
CCP2M1                            00000001
CCP2M2                            00000002
CCP2M3                            00000003
CCP2X                             00000005
CCP2Y                             00000004
CCPR1                             00000015
CCPR1H                            00000016
CCPR1L                            00000015
CCPR2                             0000001B
CCPR2H                            0000001C
CCPR2L                            0000001B
MPASM  5.51                       DENEY-4.ASM   11-19-2018  13:52:37         PAGE  5


SYMBOL TABLE
  LABEL                             VALUE 

CHS0                              00000003
CHS1                              00000004
CHS2                              00000005
CIS                               00000003
CKE                               00000006
CKP                               00000004
CM0                               00000000
CM1                               00000001
CM2                               00000002
CMCON                             0000009C
CMIE                              00000006
CMIF                              00000006
CREN                              00000004
CSRC                              00000007
CVR0                              00000000
CVR1                              00000001
CVR2                              00000002
CVR3                              00000003
CVRCON                            0000009D
CVREN                             00000007
CVROE                             00000006
CVRR                              00000005
D                                 00000005
DATA_ADDRESS                      00000005
DC                                00000001
DONUSTURME_METOT                  0000004A
D_A                               00000005
D_NOT_A                           00000005
EEADR                             0000010D
EEADRH                            0000010F
EECON1                            0000018C
EECON2                            0000018D
EEDATA                            0000010C
EEDATH                            0000010E
EEIE                              00000004
EEIF                              00000004
EEPGD                             00000007
F                                 00000001
FERR                              00000002
FSR                               00000004
GCEN                              00000007
GECIKME                           0000004D
GIE                               00000007
GO                                00000002
GO_DONE                           00000002
GO_NOT_DONE                       00000002
I2C_DATA                          00000005
I2C_READ                          00000002
I2C_START                         00000003
I2C_STOP                          00000004
IBF                               00000007
IBOV                              00000005
INDF                              00000000
MPASM  5.51                       DENEY-4.ASM   11-19-2018  13:52:37         PAGE  6


SYMBOL TABLE
  LABEL                             VALUE 

INTCON                            0000000B
INTE                              00000004
INTEDG                            00000006
INTF                              00000001
IRP                               00000007
KESME_METOT                       00000005
KONTROL                           0000004C
NOT_A                             00000005
NOT_ADDRESS                       00000005
NOT_BO                            00000000
NOT_BOR                           00000000
NOT_DONE                          00000002
NOT_PD                            00000003
NOT_POR                           00000001
NOT_RBPU                          00000007
NOT_RC8                           00000006
NOT_T1SYNC                        00000002
NOT_TO                            00000004
NOT_TX8                           00000006
NOT_W                             00000002
NOT_WRITE                         00000002
OBF                               00000006
OERR                              00000001
OPTION_REG                        00000081
P                                 00000004
PCFG0                             00000000
PCFG1                             00000001
PCFG2                             00000002
PCFG3                             00000003
PCL                               00000002
PCLATH                            0000000A
PCON                              0000008E
PEIE                              00000006
PEN                               00000002
PIE1                              0000008C
PIE2                              0000008D
PIR1                              0000000C
PIR2                              0000000D
PORTA                             00000005
PORTB                             00000006
PORTC                             00000007
PORTD                             00000008
PORTE                             00000009
PR2                               00000092
PS0                               00000000
PS1                               00000001
PS2                               00000002
PSA                               00000003
PSPIE                             00000007
PSPIF                             00000007
PSPMODE                           00000004
R                                 00000002
RA0                               00000000
MPASM  5.51                       DENEY-4.ASM   11-19-2018  13:52:37         PAGE  7


SYMBOL TABLE
  LABEL                             VALUE 

RA1                               00000001
RA2                               00000002
RA3                               00000003
RA4                               00000004
RA5                               00000005
RB0                               00000000
RB1                               00000001
RB2                               00000002
RB3                               00000003
RB4                               00000004
RB5                               00000005
RB6                               00000006
RB7                               00000007
RBIE                              00000003
RBIF                              00000000
RC0                               00000000
RC1                               00000001
RC2                               00000002
RC3                               00000003
RC4                               00000004
RC5                               00000005
RC6                               00000006
RC7                               00000007
RC8_9                             00000006
RC9                               00000006
RCD8                              00000000
RCEN                              00000003
RCIE                              00000005
RCIF                              00000005
RCREG                             0000001A
RCSTA                             00000018
RD                                00000000
RD0                               00000000
RD1                               00000001
RD2                               00000002
RD3                               00000003
RD4                               00000004
RD5                               00000005
RD6                               00000006
RD7                               00000007
RE0                               00000000
RE1                               00000001
RE2                               00000002
READ_WRITE                        00000002
RP0                               00000005
RP1                               00000006
RSEN                              00000001
RX9                               00000006
RX9D                              00000000
R_NOT_W                           00000002
R_W                               00000002
S                                 00000003
SAYICI1                           00000020
MPASM  5.51                       DENEY-4.ASM   11-19-2018  13:52:37         PAGE  8


SYMBOL TABLE
  LABEL                             VALUE 

SAYICI2                           00000021
SEN                               00000000
SMP                               00000007
SPBRG                             00000099
SPEN                              00000007
SREN                              00000005
SSPADD                            00000093
SSPBUF                            00000013
SSPCON                            00000014
SSPCON2                           00000091
SSPEN                             00000005
SSPIE                             00000003
SSPIF                             00000003
SSPM0                             00000000
SSPM1                             00000001
SSPM2                             00000002
SSPM3                             00000003
SSPOV                             00000006
SSPSTAT                           00000094
STATUS                            00000003
SYNC                              00000004
T0CS                              00000005
T0IE                              00000005
T0IF                              00000002
T0SE                              00000004
T1CKPS0                           00000004
T1CKPS1                           00000005
T1CON                             00000010
T1INSYNC                          00000002
T1OSCEN                           00000003
T1SYNC                            00000002
T2CKPS0                           00000000
T2CKPS1                           00000001
T2CON                             00000012
TEKRAR1                           0000004F
TEKRAR2                           00000051
TMR0                              00000001
TMR0IE                            00000005
TMR0IF                            00000002
TMR1                              0000000E
TMR1CS                            00000001
TMR1H                             0000000F
TMR1IE                            00000000
TMR1IF                            00000000
TMR1L                             0000000E
TMR1ON                            00000000
TMR2                              00000011
TMR2IE                            00000001
TMR2IF                            00000001
TMR2ON                            00000002
TOUTPS0                           00000003
TOUTPS1                           00000004
TOUTPS2                           00000005
MPASM  5.51                       DENEY-4.ASM   11-19-2018  13:52:37         PAGE  9


SYMBOL TABLE
  LABEL                             VALUE 

TOUTPS3                           00000006
TRISA                             00000085
TRISA0                            00000000
TRISA1                            00000001
TRISA2                            00000002
TRISA3                            00000003
TRISA4                            00000004
TRISA5                            00000005
TRISB                             00000086
TRISB0                            00000000
TRISB1                            00000001
TRISB2                            00000002
TRISB3                            00000003
TRISB4                            00000004
TRISB5                            00000005
TRISB6                            00000006
TRISB7                            00000007
TRISC                             00000087
TRISC0                            00000000
TRISC1                            00000001
TRISC2                            00000002
TRISC3                            00000003
TRISC4                            00000004
TRISC5                            00000005
TRISC6                            00000006
TRISC7                            00000007
TRISD                             00000088
TRISD0                            00000000
TRISD1                            00000001
TRISD2                            00000002
TRISD3                            00000003
TRISD4                            00000004
TRISD5                            00000005
TRISD6                            00000006
TRISD7                            00000007
TRISE                             00000089
TRISE0                            00000000
TRISE1                            00000001
TRISE2                            00000002
TRMT                              00000001
TX8_9                             00000006
TX9                               00000006
TX9D                              00000000
TXD8                              00000000
TXEN                              00000005
TXIE                              00000004
TXIF                              00000004
TXREG                             00000019
TXSTA                             00000098
UA                                00000001
W                                 00000000
WCOL                              00000007
WR                                00000001
MPASM  5.51                       DENEY-4.ASM   11-19-2018  13:52:37         PAGE 10


SYMBOL TABLE
  LABEL                             VALUE 

WREN                              00000002
WRERR                             00000003
Z                                 00000002
_BODEN_OFF                        00003FBF
_BODEN_ON                         00003FFF
_BOREN_OFF                        00003FBF
_BOREN_ON                         00003FFF
_CONFIG                           00002007
_CPD_OFF                          00003FFF
_CPD_ON                           00003EFF
_CP_ALL                           00001FFF
_CP_OFF                           00003FFF
_CP_ON                            00001FFF
_DEBUG_OFF                        00003FFF
_DEBUG_ON                         000037FF
_DEVID1                           00002006
_FOSC_EXTRC                       00003FFF
_FOSC_HS                          00003FFE
_FOSC_LP                          00003FFC
_FOSC_XT                          00003FFD
_HS_OSC                           00003FFE
_IDLOC0                           00002000
_IDLOC1                           00002001
_IDLOC2                           00002002
_IDLOC3                           00002003
_LP_OSC                           00003FFC
_LVP_OFF                          00003F7F
_LVP_ON                           00003FFF
_PWRTE_OFF                        00003FFF
_PWRTE_ON                         00003FF7
_RC_OSC                           00003FFF
_WDTE_OFF                         00003FFB
_WDTE_ON                          00003FFF
_WDT_OFF                          00003FFB
_WDT_ON                           00003FFF
_WRT_1FOURTH                      00003BFF
_WRT_256                          00003DFF
_WRT_HALF                         000039FF
_WRT_OFF                          00003FFF
_XT_OSC                           00003FFD
__16F877A                         00000001
__DEBUG                           1
MPASM  5.51                       DENEY-4.ASM   11-19-2018  13:52:37         PAGE 11


MEMORY USAGE MAP ('X' = Used,  '-' = Unused)


0000 : X---XXXXXXXXXXXX XXXXXXXXXXXXXXXX XXXXXXXXXXXXXXXX XXXXXXXXXXXXXXXX
0040 : XXXXXXXXXXXXXXXX XXXXXX---------- ---------------- ----------------

All other memory blocks unused.

Program Memory Words Used:    83
Program Memory Words Free:  8109


Errors   :     0
Warnings :     5 reported,     0 suppressed
Messages :     5 reported,     0 suppressed

